<?xml version="1.0" encoding="UTF-8"?>
<coverage generated="1628654340508" clover="3.2.0">
  <project timestamp="1628654340508" name="All files">
    <metrics statements="90" coveredstatements="90" conditionals="86" coveredconditionals="85" methods="26" coveredmethods="26" elements="202" coveredelements="201" complexity="0" loc="90" ncloc="90" packages="2" files="5" classes="5"/>
    <package name="ezfrontend">
      <metrics statements="30" coveredstatements="30" conditionals="46" coveredconditionals="46" methods="8" coveredmethods="8"/>
      <file name="testcase.js" path="C:\Users\minh tuan\Desktop\workspace\ezfrontend\testcase.js">
        <metrics statements="30" coveredstatements="30" conditionals="46" coveredconditionals="46" methods="8" coveredmethods="8"/>
        <line num="2" count="6" type="cond" truecount="4" falsecount="0"/>
        <line num="4" count="4" type="cond" truecount="2" falsecount="0"/>
        <line num="5" count="3" type="cond" truecount="2" falsecount="0"/>
        <line num="6" count="2" type="cond" truecount="2" falsecount="0"/>
        <line num="8" count="1" type="stmt"/>
        <line num="14" count="11" type="cond" truecount="4" falsecount="0"/>
        <line num="17" count="9" type="cond" truecount="4" falsecount="0"/>
        <line num="18" count="6" type="cond" truecount="4" falsecount="0"/>
        <line num="19" count="2" type="stmt"/>
        <line num="23" count="7" type="stmt"/>
        <line num="31" count="7" type="cond" truecount="2" falsecount="0"/>
        <line num="32" count="7" type="stmt"/>
        <line num="36" count="7" type="cond" truecount="4" falsecount="0"/>
        <line num="38" count="4" type="stmt"/>
        <line num="39" count="4" type="stmt"/>
        <line num="44" count="4" type="cond" truecount="4" falsecount="0"/>
        <line num="46" count="2" type="stmt"/>
        <line num="47" count="2" type="stmt"/>
        <line num="49" count="2" type="stmt"/>
        <line num="50" count="8" type="cond" truecount="2" falsecount="0"/>
        <line num="53" count="2" type="stmt"/>
        <line num="57" count="10" type="cond" truecount="4" falsecount="0"/>
        <line num="59" count="8" type="stmt"/>
        <line num="60" count="8" type="stmt"/>
        <line num="61" count="8" type="stmt"/>
        <line num="63" count="8" type="cond" truecount="6" falsecount="0"/>
        <line num="67" count="4" type="cond" truecount="2" falsecount="0"/>
        <line num="69" count="3" type="stmt"/>
        <line num="71" count="3" type="stmt"/>
        <line num="73" count="15" type="stmt"/>
      </file>
    </package>
    <package name="ezfrontend.practice">
      <metrics statements="60" coveredstatements="60" conditionals="40" coveredconditionals="39" methods="18" coveredmethods="18"/>
      <file name="01-01-calcSn.js" path="C:\Users\minh tuan\Desktop\workspace\ezfrontend\practice\01-01-calcSn.js">
        <metrics statements="18" coveredstatements="18" conditionals="12" coveredconditionals="12" methods="7" coveredmethods="7"/>
        <line num="3" count="6" type="cond" truecount="2" falsecount="0"/>
        <line num="4" count="3" type="cond" truecount="2" falsecount="0"/>
        <line num="6" count="2" type="stmt"/>
        <line num="8" count="2" type="stmt"/>
        <line num="9" count="7" type="stmt"/>
        <line num="12" count="2" type="stmt"/>
        <line num="17" count="6" type="cond" truecount="2" falsecount="0"/>
        <line num="18" count="3" type="cond" truecount="2" falsecount="0"/>
        <line num="20" count="2" type="stmt"/>
        <line num="22" count="9" type="stmt"/>
        <line num="23" count="2" type="stmt"/>
        <line num="24" count="9" type="stmt"/>
        <line num="27" count="2" type="stmt"/>
        <line num="31" count="6" type="cond" truecount="2" falsecount="0"/>
        <line num="32" count="3" type="cond" truecount="2" falsecount="0"/>
        <line num="34" count="2" type="stmt"/>
        <line num="36" count="9" type="stmt"/>
        <line num="38" count="7" type="stmt"/>
      </file>
      <file name="01-02-calcSn.js" path="C:\Users\minh tuan\Desktop\workspace\ezfrontend\practice\01-02-calcSn.js">
        <metrics statements="18" coveredstatements="18" conditionals="12" coveredconditionals="12" methods="7" coveredmethods="7"/>
        <line num="3" count="6" type="cond" truecount="2" falsecount="0"/>
        <line num="4" count="3" type="cond" truecount="2" falsecount="0"/>
        <line num="6" count="2" type="stmt"/>
        <line num="8" count="2" type="stmt"/>
        <line num="9" count="7" type="stmt"/>
        <line num="12" count="2" type="stmt"/>
        <line num="17" count="6" type="cond" truecount="2" falsecount="0"/>
        <line num="18" count="3" type="cond" truecount="2" falsecount="0"/>
        <line num="20" count="9" type="stmt"/>
        <line num="22" count="2" type="stmt"/>
        <line num="23" count="2" type="stmt"/>
        <line num="24" count="9" type="stmt"/>
        <line num="27" count="2" type="stmt"/>
        <line num="31" count="6" type="cond" truecount="2" falsecount="0"/>
        <line num="32" count="3" type="cond" truecount="2" falsecount="0"/>
        <line num="34" count="2" type="stmt"/>
        <line num="36" count="9" type="stmt"/>
        <line num="38" count="7" type="stmt"/>
      </file>
      <file name="NUMBER-01.js" path="C:\Users\minh tuan\Desktop\workspace\ezfrontend\practice\NUMBER-01.js">
        <metrics statements="15" coveredstatements="15" conditionals="12" coveredconditionals="12" methods="3" coveredmethods="3"/>
        <line num="3" count="17" type="cond" truecount="4" falsecount="0"/>
        <line num="5" count="6" type="stmt"/>
        <line num="6" count="6" type="stmt"/>
        <line num="8" count="6" type="stmt"/>
        <line num="9" count="18" type="cond" truecount="2" falsecount="0"/>
        <line num="12" count="6" type="stmt"/>
        <line num="17" count="17" type="cond" truecount="4" falsecount="0"/>
        <line num="19" count="6" type="stmt"/>
        <line num="20" count="6" type="stmt"/>
        <line num="22" count="6" type="stmt"/>
        <line num="23" count="15" type="stmt"/>
        <line num="24" count="15" type="cond" truecount="2" falsecount="0"/>
        <line num="25" count="12" type="stmt"/>
        <line num="26" count="12" type="stmt"/>
        <line num="28" count="3" type="stmt"/>
      </file>
      <file name="NUMBER-02.js" path="C:\Users\minh tuan\Desktop\workspace\ezfrontend\practice\NUMBER-02.js">
        <metrics statements="9" coveredstatements="9" conditionals="4" coveredconditionals="3" methods="1" coveredmethods="1"/>
        <line num="2" count="8" type="cond" truecount="1" falsecount="1"/>
        <line num="4" count="8" type="stmt"/>
        <line num="5" count="8" type="stmt"/>
        <line num="7" count="8" type="stmt"/>
        <line num="8" count="21" type="stmt"/>
        <line num="9" count="21" type="cond" truecount="2" falsecount="0"/>
        <line num="10" count="17" type="stmt"/>
        <line num="11" count="17" type="stmt"/>
        <line num="14" count="4" type="stmt"/>
      </file>
    </package>
  </project>
</coverage>
