{"C:\\Users\\minh tuan\\Desktop\\workspace\\ezfrontend\\testcase.js": {"path":"C:\\Users\\minh tuan\\Desktop\\workspace\\ezfrontend\\testcase.js","statementMap":{"0":{"start":{"line":2,"column":2},"end":{"line":2,"column":46}},"1":{"start":{"line":2,"column":23},"end":{"line":2,"column":46}},"2":{"start":{"line":4,"column":2},"end":{"line":4,"column":32}},"3":{"start":{"line":4,"column":12},"end":{"line":4,"column":32}},"4":{"start":{"line":5,"column":2},"end":{"line":5,"column":27}},"5":{"start":{"line":5,"column":13},"end":{"line":5,"column":27}},"6":{"start":{"line":6,"column":2},"end":{"line":6,"column":31}},"7":{"start":{"line":6,"column":13},"end":{"line":6,"column":31}},"8":{"start":{"line":8,"column":2},"end":{"line":8,"column":15}},"9":{"start":{"line":14,"column":2},"end":{"line":14,"column":38}},"10":{"start":{"line":14,"column":28},"end":{"line":14,"column":38}},"11":{"start":{"line":17,"column":2},"end":{"line":17,"column":36}},"12":{"start":{"line":17,"column":27},"end":{"line":17,"column":36}},"13":{"start":{"line":18,"column":2},"end":{"line":18,"column":41}},"14":{"start":{"line":18,"column":28},"end":{"line":18,"column":41}},"15":{"start":{"line":19,"column":2},"end":{"line":19,"column":15}},"16":{"start":{"line":23,"column":26},"end":{"line":30,"column":3}},"17":{"start":{"line":31,"column":19},"end":{"line":31,"column":59}},"18":{"start":{"line":32,"column":2},"end":{"line":32,"column":18}},"19":{"start":{"line":36,"column":2},"end":{"line":36,"column":90}},"20":{"start":{"line":36,"column":80},"end":{"line":36,"column":90}},"21":{"start":{"line":38,"column":23},"end":{"line":38,"column":24}},"22":{"start":{"line":39,"column":3},"end":{"line":39,"column":53}},"23":{"start":{"line":59,"column":2},"end":{"line":59,"column":35}},"24":{"start":{"line":59,"column":25},"end":{"line":59,"column":35}},"25":{"start":{"line":61,"column":15},"end":{"line":61,"column":27}},"26":{"start":{"line":63,"column":2},"end":{"line":65,"column":3}},"27":{"start":{"line":63,"column":15},"end":{"line":63,"column":16}},"28":{"start":{"line":64,"column":4},"end":{"line":64,"column":46}},"29":{"start":{"line":64,"column":27},"end":{"line":64,"column":46}},"30":{"start":{"line":67,"column":2},"end":{"line":67,"column":24}}},"fnMap":{"0":{"name":"classifyStudent","decl":{"start":{"line":1,"column":16},"end":{"line":1,"column":31}},"loc":{"start":{"line":1,"column":36},"end":{"line":9,"column":1}},"line":1},"1":{"name":"getTicketPrice","decl":{"start":{"line":12,"column":17},"end":{"line":12,"column":31}},"loc":{"start":{"line":12,"column":37},"end":{"line":20,"column":1}},"line":12},"2":{"name":"sayHello","decl":{"start":{"line":22,"column":16},"end":{"line":22,"column":24}},"loc":{"start":{"line":22,"column":39},"end":{"line":33,"column":1}},"line":22},"3":{"name":"getTaxiCount","decl":{"start":{"line":35,"column":16},"end":{"line":35,"column":28}},"loc":{"start":{"line":35,"column":47},"end":{"line":40,"column":1}},"line":35},"4":{"name":"getMaxDigit","decl":{"start":{"line":58,"column":16},"end":{"line":58,"column":27}},"loc":{"start":{"line":58,"column":31},"end":{"line":68,"column":1}},"line":58}},"branchMap":{"0":{"loc":{"start":{"line":2,"column":2},"end":{"line":2,"column":46}},"type":"if","locations":[{"start":{"line":2,"column":2},"end":{"line":2,"column":46}},{"start":{"line":2,"column":2},"end":{"line":2,"column":46}}],"line":2},"1":{"loc":{"start":{"line":2,"column":6},"end":{"line":2,"column":21}},"type":"binary-expr","locations":[{"start":{"line":2,"column":6},"end":{"line":2,"column":11}},{"start":{"line":2,"column":15},"end":{"line":2,"column":21}}],"line":2},"2":{"loc":{"start":{"line":4,"column":2},"end":{"line":4,"column":32}},"type":"if","locations":[{"start":{"line":4,"column":2},"end":{"line":4,"column":32}},{"start":{"line":4,"column":2},"end":{"line":4,"column":32}}],"line":4},"3":{"loc":{"start":{"line":5,"column":2},"end":{"line":5,"column":27}},"type":"if","locations":[{"start":{"line":5,"column":2},"end":{"line":5,"column":27}},{"start":{"line":5,"column":2},"end":{"line":5,"column":27}}],"line":5},"4":{"loc":{"start":{"line":6,"column":2},"end":{"line":6,"column":31}},"type":"if","locations":[{"start":{"line":6,"column":2},"end":{"line":6,"column":31}},{"start":{"line":6,"column":2},"end":{"line":6,"column":31}}],"line":6},"5":{"loc":{"start":{"line":14,"column":2},"end":{"line":14,"column":38}},"type":"if","locations":[{"start":{"line":14,"column":2},"end":{"line":14,"column":38}},{"start":{"line":14,"column":2},"end":{"line":14,"column":38}}],"line":14},"6":{"loc":{"start":{"line":14,"column":5},"end":{"line":14,"column":26}},"type":"binary-expr","locations":[{"start":{"line":14,"column":5},"end":{"line":14,"column":13}},{"start":{"line":14,"column":17},"end":{"line":14,"column":26}}],"line":14},"7":{"loc":{"start":{"line":17,"column":2},"end":{"line":17,"column":36}},"type":"if","locations":[{"start":{"line":17,"column":2},"end":{"line":17,"column":36}},{"start":{"line":17,"column":2},"end":{"line":17,"column":36}}],"line":17},"8":{"loc":{"start":{"line":17,"column":5},"end":{"line":17,"column":25}},"type":"binary-expr","locations":[{"start":{"line":17,"column":5},"end":{"line":17,"column":12}},{"start":{"line":17,"column":16},"end":{"line":17,"column":25}}],"line":17},"9":{"loc":{"start":{"line":18,"column":2},"end":{"line":18,"column":41}},"type":"if","locations":[{"start":{"line":18,"column":2},"end":{"line":18,"column":41}},{"start":{"line":18,"column":2},"end":{"line":18,"column":41}}],"line":18},"10":{"loc":{"start":{"line":18,"column":5},"end":{"line":18,"column":26}},"type":"binary-expr","locations":[{"start":{"line":18,"column":5},"end":{"line":18,"column":13}},{"start":{"line":18,"column":17},"end":{"line":18,"column":26}}],"line":18},"11":{"loc":{"start":{"line":31,"column":19},"end":{"line":31,"column":59}},"type":"binary-expr","locations":[{"start":{"line":31,"column":19},"end":{"line":31,"column":48}},{"start":{"line":31,"column":52},"end":{"line":31,"column":59}}],"line":31},"12":{"loc":{"start":{"line":36,"column":2},"end":{"line":36,"column":90}},"type":"if","locations":[{"start":{"line":36,"column":2},"end":{"line":36,"column":90}},{"start":{"line":36,"column":2},"end":{"line":36,"column":90}}],"line":36},"13":{"loc":{"start":{"line":36,"column":6},"end":{"line":36,"column":78}},"type":"binary-expr","locations":[{"start":{"line":36,"column":6},"end":{"line":36,"column":27}},{"start":{"line":36,"column":31},"end":{"line":36,"column":78}}],"line":36},"14":{"loc":{"start":{"line":59,"column":2},"end":{"line":59,"column":35}},"type":"if","locations":[{"start":{"line":59,"column":2},"end":{"line":59,"column":35}},{"start":{"line":59,"column":2},"end":{"line":59,"column":35}}],"line":59},"15":{"loc":{"start":{"line":59,"column":5},"end":{"line":59,"column":23}},"type":"binary-expr","locations":[{"start":{"line":59,"column":5},"end":{"line":59,"column":10}},{"start":{"line":59,"column":14},"end":{"line":59,"column":23}}],"line":59},"16":{"loc":{"start":{"line":64,"column":4},"end":{"line":64,"column":46}},"type":"if","locations":[{"start":{"line":64,"column":4},"end":{"line":64,"column":46}},{"start":{"line":64,"column":4},"end":{"line":64,"column":46}}],"line":64}},"s":{"0":6,"1":2,"2":4,"3":1,"4":3,"5":1,"6":2,"7":1,"8":1,"9":11,"10":2,"11":9,"12":3,"13":6,"14":4,"15":2,"16":7,"17":7,"18":7,"19":7,"20":3,"21":4,"22":4,"23":3,"24":2,"25":1,"26":1,"27":1,"28":2,"29":1,"30":1},"f":{"0":6,"1":11,"2":7,"3":7,"4":3},"b":{"0":[2,4],"1":[6,5],"2":[1,3],"3":[1,2],"4":[1,1],"5":[2,9],"6":[11,9],"7":[3,6],"8":[9,8],"9":[4,2],"10":[6,6],"11":[7,1],"12":[3,4],"13":[7,5],"14":[2,1],"15":[3,2],"16":[1,1]},"_coverageSchema":"1a1c01bbd47fc00a2c39e90264f33305004495a9","hash":"42090b22d684017f18b499546c888a08cd0710ba"}
}
