{"C:\\Users\\minh tuan\\Desktop\\workspace\\ezfrontend\\testcase.js": {"path":"C:\\Users\\minh tuan\\Desktop\\workspace\\ezfrontend\\testcase.js","statementMap":{"0":{"start":{"line":2,"column":2},"end":{"line":2,"column":46}},"1":{"start":{"line":2,"column":23},"end":{"line":2,"column":46}},"2":{"start":{"line":4,"column":2},"end":{"line":4,"column":32}},"3":{"start":{"line":4,"column":12},"end":{"line":4,"column":32}},"4":{"start":{"line":5,"column":2},"end":{"line":5,"column":27}},"5":{"start":{"line":5,"column":13},"end":{"line":5,"column":27}},"6":{"start":{"line":6,"column":2},"end":{"line":6,"column":31}},"7":{"start":{"line":6,"column":13},"end":{"line":6,"column":31}},"8":{"start":{"line":8,"column":2},"end":{"line":8,"column":15}},"9":{"start":{"line":14,"column":2},"end":{"line":14,"column":38}},"10":{"start":{"line":14,"column":28},"end":{"line":14,"column":38}},"11":{"start":{"line":17,"column":2},"end":{"line":17,"column":36}},"12":{"start":{"line":17,"column":27},"end":{"line":17,"column":36}},"13":{"start":{"line":18,"column":2},"end":{"line":18,"column":41}},"14":{"start":{"line":18,"column":28},"end":{"line":18,"column":41}},"15":{"start":{"line":19,"column":2},"end":{"line":19,"column":15}},"16":{"start":{"line":23,"column":26},"end":{"line":30,"column":3}},"17":{"start":{"line":31,"column":19},"end":{"line":31,"column":59}},"18":{"start":{"line":32,"column":2},"end":{"line":32,"column":18}},"19":{"start":{"line":36,"column":2},"end":{"line":36,"column":90}},"20":{"start":{"line":36,"column":80},"end":{"line":36,"column":90}},"21":{"start":{"line":38,"column":23},"end":{"line":38,"column":24}},"22":{"start":{"line":39,"column":3},"end":{"line":39,"column":53}},"23":{"start":{"line":44,"column":2},"end":{"line":44,"column":35}},"24":{"start":{"line":44,"column":25},"end":{"line":44,"column":35}},"25":{"start":{"line":46,"column":14},"end":{"line":46,"column":26}},"26":{"start":{"line":47,"column":15},"end":{"line":47,"column":21}},"27":{"start":{"line":49,"column":2},"end":{"line":51,"column":3}},"28":{"start":{"line":49,"column":15},"end":{"line":49,"column":16}},"29":{"start":{"line":50,"column":4},"end":{"line":50,"column":40}},"30":{"start":{"line":50,"column":24},"end":{"line":50,"column":40}},"31":{"start":{"line":53,"column":2},"end":{"line":53,"column":24}},"32":{"start":{"line":57,"column":2},"end":{"line":57,"column":35}},"33":{"start":{"line":57,"column":25},"end":{"line":57,"column":35}},"34":{"start":{"line":59,"column":23},"end":{"line":59,"column":43}},"35":{"start":{"line":60,"column":19},"end":{"line":60,"column":43}},"36":{"start":{"line":61,"column":19},"end":{"line":61,"column":25}},"37":{"start":{"line":63,"column":2},"end":{"line":63,"column":142}},"38":{"start":{"line":67,"column":2},"end":{"line":67,"column":54}},"39":{"start":{"line":67,"column":31},"end":{"line":67,"column":54}},"40":{"start":{"line":69,"column":20},"end":{"line":69,"column":45}},"41":{"start":{"line":71,"column":4},"end":{"line":75,"column":12}},"42":{"start":{"line":73,"column":20},"end":{"line":73,"column":45}}},"fnMap":{"0":{"name":"classifyStudent","decl":{"start":{"line":1,"column":16},"end":{"line":1,"column":31}},"loc":{"start":{"line":1,"column":36},"end":{"line":9,"column":1}},"line":1},"1":{"name":"getTicketPrice","decl":{"start":{"line":12,"column":17},"end":{"line":12,"column":31}},"loc":{"start":{"line":12,"column":37},"end":{"line":20,"column":1}},"line":12},"2":{"name":"sayHello","decl":{"start":{"line":22,"column":16},"end":{"line":22,"column":24}},"loc":{"start":{"line":22,"column":39},"end":{"line":33,"column":1}},"line":22},"3":{"name":"getTaxiCount","decl":{"start":{"line":35,"column":16},"end":{"line":35,"column":28}},"loc":{"start":{"line":35,"column":47},"end":{"line":40,"column":1}},"line":35},"4":{"name":"getMaxDigit","decl":{"start":{"line":43,"column":16},"end":{"line":43,"column":27}},"loc":{"start":{"line":43,"column":31},"end":{"line":54,"column":1}},"line":43},"5":{"name":"isSymmetricNumber","decl":{"start":{"line":56,"column":16},"end":{"line":56,"column":33}},"loc":{"start":{"line":56,"column":37},"end":{"line":64,"column":1}},"line":56},"6":{"name":"removeVowel","decl":{"start":{"line":66,"column":16},"end":{"line":66,"column":27}},"loc":{"start":{"line":66,"column":33},"end":{"line":76,"column":1}},"line":66},"7":{"name":"(anonymous_7)","decl":{"start":{"line":73,"column":12},"end":{"line":73,"column":13}},"loc":{"start":{"line":73,"column":20},"end":{"line":73,"column":45}},"line":73}},"branchMap":{"0":{"loc":{"start":{"line":2,"column":2},"end":{"line":2,"column":46}},"type":"if","locations":[{"start":{"line":2,"column":2},"end":{"line":2,"column":46}},{"start":{"line":2,"column":2},"end":{"line":2,"column":46}}],"line":2},"1":{"loc":{"start":{"line":2,"column":6},"end":{"line":2,"column":21}},"type":"binary-expr","locations":[{"start":{"line":2,"column":6},"end":{"line":2,"column":11}},{"start":{"line":2,"column":15},"end":{"line":2,"column":21}}],"line":2},"2":{"loc":{"start":{"line":4,"column":2},"end":{"line":4,"column":32}},"type":"if","locations":[{"start":{"line":4,"column":2},"end":{"line":4,"column":32}},{"start":{"line":4,"column":2},"end":{"line":4,"column":32}}],"line":4},"3":{"loc":{"start":{"line":5,"column":2},"end":{"line":5,"column":27}},"type":"if","locations":[{"start":{"line":5,"column":2},"end":{"line":5,"column":27}},{"start":{"line":5,"column":2},"end":{"line":5,"column":27}}],"line":5},"4":{"loc":{"start":{"line":6,"column":2},"end":{"line":6,"column":31}},"type":"if","locations":[{"start":{"line":6,"column":2},"end":{"line":6,"column":31}},{"start":{"line":6,"column":2},"end":{"line":6,"column":31}}],"line":6},"5":{"loc":{"start":{"line":14,"column":2},"end":{"line":14,"column":38}},"type":"if","locations":[{"start":{"line":14,"column":2},"end":{"line":14,"column":38}},{"start":{"line":14,"column":2},"end":{"line":14,"column":38}}],"line":14},"6":{"loc":{"start":{"line":14,"column":5},"end":{"line":14,"column":26}},"type":"binary-expr","locations":[{"start":{"line":14,"column":5},"end":{"line":14,"column":13}},{"start":{"line":14,"column":17},"end":{"line":14,"column":26}}],"line":14},"7":{"loc":{"start":{"line":17,"column":2},"end":{"line":17,"column":36}},"type":"if","locations":[{"start":{"line":17,"column":2},"end":{"line":17,"column":36}},{"start":{"line":17,"column":2},"end":{"line":17,"column":36}}],"line":17},"8":{"loc":{"start":{"line":17,"column":5},"end":{"line":17,"column":25}},"type":"binary-expr","locations":[{"start":{"line":17,"column":5},"end":{"line":17,"column":12}},{"start":{"line":17,"column":16},"end":{"line":17,"column":25}}],"line":17},"9":{"loc":{"start":{"line":18,"column":2},"end":{"line":18,"column":41}},"type":"if","locations":[{"start":{"line":18,"column":2},"end":{"line":18,"column":41}},{"start":{"line":18,"column":2},"end":{"line":18,"column":41}}],"line":18},"10":{"loc":{"start":{"line":18,"column":5},"end":{"line":18,"column":26}},"type":"binary-expr","locations":[{"start":{"line":18,"column":5},"end":{"line":18,"column":13}},{"start":{"line":18,"column":17},"end":{"line":18,"column":26}}],"line":18},"11":{"loc":{"start":{"line":31,"column":19},"end":{"line":31,"column":59}},"type":"binary-expr","locations":[{"start":{"line":31,"column":19},"end":{"line":31,"column":48}},{"start":{"line":31,"column":52},"end":{"line":31,"column":59}}],"line":31},"12":{"loc":{"start":{"line":36,"column":2},"end":{"line":36,"column":90}},"type":"if","locations":[{"start":{"line":36,"column":2},"end":{"line":36,"column":90}},{"start":{"line":36,"column":2},"end":{"line":36,"column":90}}],"line":36},"13":{"loc":{"start":{"line":36,"column":6},"end":{"line":36,"column":78}},"type":"binary-expr","locations":[{"start":{"line":36,"column":6},"end":{"line":36,"column":27}},{"start":{"line":36,"column":31},"end":{"line":36,"column":78}}],"line":36},"14":{"loc":{"start":{"line":44,"column":2},"end":{"line":44,"column":35}},"type":"if","locations":[{"start":{"line":44,"column":2},"end":{"line":44,"column":35}},{"start":{"line":44,"column":2},"end":{"line":44,"column":35}}],"line":44},"15":{"loc":{"start":{"line":44,"column":5},"end":{"line":44,"column":23}},"type":"binary-expr","locations":[{"start":{"line":44,"column":5},"end":{"line":44,"column":10}},{"start":{"line":44,"column":14},"end":{"line":44,"column":23}}],"line":44},"16":{"loc":{"start":{"line":50,"column":4},"end":{"line":50,"column":40}},"type":"if","locations":[{"start":{"line":50,"column":4},"end":{"line":50,"column":40}},{"start":{"line":50,"column":4},"end":{"line":50,"column":40}}],"line":50},"17":{"loc":{"start":{"line":57,"column":2},"end":{"line":57,"column":35}},"type":"if","locations":[{"start":{"line":57,"column":2},"end":{"line":57,"column":35}},{"start":{"line":57,"column":2},"end":{"line":57,"column":35}}],"line":57},"18":{"loc":{"start":{"line":57,"column":5},"end":{"line":57,"column":23}},"type":"binary-expr","locations":[{"start":{"line":57,"column":5},"end":{"line":57,"column":10}},{"start":{"line":57,"column":14},"end":{"line":57,"column":23}}],"line":57},"19":{"loc":{"start":{"line":63,"column":9},"end":{"line":63,"column":141}},"type":"binary-expr","locations":[{"start":{"line":63,"column":10},"end":{"line":63,"column":27}},{"start":{"line":63,"column":31},"end":{"line":63,"column":44}},{"start":{"line":63,"column":50},"end":{"line":63,"column":67}},{"start":{"line":63,"column":71},"end":{"line":63,"column":90}},{"start":{"line":63,"column":96},"end":{"line":63,"column":113}},{"start":{"line":63,"column":117},"end":{"line":63,"column":140}}],"line":63},"20":{"loc":{"start":{"line":67,"column":2},"end":{"line":67,"column":54}},"type":"if","locations":[{"start":{"line":67,"column":2},"end":{"line":67,"column":54}},{"start":{"line":67,"column":2},"end":{"line":67,"column":54}}],"line":67}},"s":{"0":6,"1":2,"2":4,"3":1,"4":3,"5":1,"6":2,"7":1,"8":1,"9":11,"10":2,"11":9,"12":3,"13":6,"14":4,"15":2,"16":7,"17":7,"18":7,"19":7,"20":3,"21":4,"22":4,"23":4,"24":2,"25":2,"26":2,"27":2,"28":2,"29":8,"30":4,"31":2,"32":10,"33":2,"34":8,"35":8,"36":8,"37":8,"38":4,"39":1,"40":3,"41":3,"42":15},"f":{"0":6,"1":11,"2":7,"3":7,"4":4,"5":10,"6":4,"7":15},"b":{"0":[2,4],"1":[6,5],"2":[1,3],"3":[1,2],"4":[1,1],"5":[2,9],"6":[11,9],"7":[3,6],"8":[9,8],"9":[4,2],"10":[6,6],"11":[7,1],"12":[3,4],"13":[7,5],"14":[2,2],"15":[4,3],"16":[4,4],"17":[2,8],"18":[10,9],"19":[8,3,7,2,6,5],"20":[1,3]},"_coverageSchema":"1a1c01bbd47fc00a2c39e90264f33305004495a9","hash":"0970c4418364cda3a69419c26d78a86a7457e82a"}
,"C:\\Users\\minh tuan\\Desktop\\workspace\\ezfrontend\\practice\\01-01-calcSn.js": {"path":"C:\\Users\\minh tuan\\Desktop\\workspace\\ezfrontend\\practice\\01-01-calcSn.js","statementMap":{"0":{"start":{"line":3,"column":2},"end":{"line":3,"column":41}},"1":{"start":{"line":3,"column":28},"end":{"line":3,"column":41}},"2":{"start":{"line":4,"column":2},"end":{"line":4,"column":23}},"3":{"start":{"line":4,"column":14},"end":{"line":4,"column":23}},"4":{"start":{"line":6,"column":15},"end":{"line":6,"column":16}},"5":{"start":{"line":8,"column":2},"end":{"line":10,"column":3}},"6":{"start":{"line":8,"column":15},"end":{"line":8,"column":16}},"7":{"start":{"line":9,"column":6},"end":{"line":9,"column":18}},"8":{"start":{"line":12,"column":2},"end":{"line":12,"column":16}},"9":{"start":{"line":17,"column":2},"end":{"line":17,"column":41}},"10":{"start":{"line":17,"column":28},"end":{"line":17,"column":41}},"11":{"start":{"line":18,"column":2},"end":{"line":18,"column":23}},"12":{"start":{"line":18,"column":14},"end":{"line":18,"column":23}},"13":{"start":{"line":20,"column":15},"end":{"line":20,"column":16}},"14":{"start":{"line":22,"column":21},"end":{"line":22,"column":55}},"15":{"start":{"line":22,"column":53},"end":{"line":22,"column":54}},"16":{"start":{"line":23,"column":2},"end":{"line":25,"column":4}},"17":{"start":{"line":24,"column":4},"end":{"line":24,"column":31}},"18":{"start":{"line":27,"column":2},"end":{"line":27,"column":16}},"19":{"start":{"line":31,"column":2},"end":{"line":31,"column":41}},"20":{"start":{"line":31,"column":28},"end":{"line":31,"column":41}},"21":{"start":{"line":32,"column":2},"end":{"line":32,"column":23}},"22":{"start":{"line":32,"column":14},"end":{"line":32,"column":23}},"23":{"start":{"line":34,"column":15},"end":{"line":34,"column":16}},"24":{"start":{"line":36,"column":21},"end":{"line":36,"column":55}},"25":{"start":{"line":36,"column":53},"end":{"line":36,"column":54}},"26":{"start":{"line":38,"column":2},"end":{"line":38,"column":54}},"27":{"start":{"line":38,"column":42},"end":{"line":38,"column":52}}},"fnMap":{"0":{"name":"calcSnV1","decl":{"start":{"line":2,"column":16},"end":{"line":2,"column":24}},"loc":{"start":{"line":2,"column":28},"end":{"line":13,"column":1}},"line":2},"1":{"name":"calcSnV2","decl":{"start":{"line":16,"column":16},"end":{"line":16,"column":24}},"loc":{"start":{"line":16,"column":28},"end":{"line":28,"column":1}},"line":16},"2":{"name":"(anonymous_2)","decl":{"start":{"line":22,"column":44},"end":{"line":22,"column":45}},"loc":{"start":{"line":22,"column":53},"end":{"line":22,"column":54}},"line":22},"3":{"name":"(anonymous_3)","decl":{"start":{"line":23,"column":21},"end":{"line":23,"column":22}},"loc":{"start":{"line":23,"column":31},"end":{"line":25,"column":3}},"line":23},"4":{"name":"calcSnV3","decl":{"start":{"line":30,"column":16},"end":{"line":30,"column":24}},"loc":{"start":{"line":30,"column":28},"end":{"line":39,"column":1}},"line":30},"5":{"name":"(anonymous_5)","decl":{"start":{"line":36,"column":44},"end":{"line":36,"column":45}},"loc":{"start":{"line":36,"column":53},"end":{"line":36,"column":54}},"line":36},"6":{"name":"(anonymous_6)","decl":{"start":{"line":38,"column":27},"end":{"line":38,"column":28}},"loc":{"start":{"line":38,"column":42},"end":{"line":38,"column":52}},"line":38}},"branchMap":{"0":{"loc":{"start":{"line":3,"column":2},"end":{"line":3,"column":41}},"type":"if","locations":[{"start":{"line":3,"column":2},"end":{"line":3,"column":41}},{"start":{"line":3,"column":2},"end":{"line":3,"column":41}}],"line":3},"1":{"loc":{"start":{"line":4,"column":2},"end":{"line":4,"column":23}},"type":"if","locations":[{"start":{"line":4,"column":2},"end":{"line":4,"column":23}},{"start":{"line":4,"column":2},"end":{"line":4,"column":23}}],"line":4},"2":{"loc":{"start":{"line":17,"column":2},"end":{"line":17,"column":41}},"type":"if","locations":[{"start":{"line":17,"column":2},"end":{"line":17,"column":41}},{"start":{"line":17,"column":2},"end":{"line":17,"column":41}}],"line":17},"3":{"loc":{"start":{"line":18,"column":2},"end":{"line":18,"column":23}},"type":"if","locations":[{"start":{"line":18,"column":2},"end":{"line":18,"column":23}},{"start":{"line":18,"column":2},"end":{"line":18,"column":23}}],"line":18},"4":{"loc":{"start":{"line":31,"column":2},"end":{"line":31,"column":41}},"type":"if","locations":[{"start":{"line":31,"column":2},"end":{"line":31,"column":41}},{"start":{"line":31,"column":2},"end":{"line":31,"column":41}}],"line":31},"5":{"loc":{"start":{"line":32,"column":2},"end":{"line":32,"column":23}},"type":"if","locations":[{"start":{"line":32,"column":2},"end":{"line":32,"column":23}},{"start":{"line":32,"column":2},"end":{"line":32,"column":23}}],"line":32}},"s":{"0":6,"1":3,"2":3,"3":1,"4":2,"5":2,"6":2,"7":7,"8":2,"9":6,"10":3,"11":3,"12":1,"13":2,"14":2,"15":9,"16":2,"17":9,"18":2,"19":6,"20":3,"21":3,"22":1,"23":2,"24":2,"25":9,"26":2,"27":7},"f":{"0":6,"1":6,"2":9,"3":9,"4":6,"5":9,"6":7},"b":{"0":[3,3],"1":[1,2],"2":[3,3],"3":[1,2],"4":[3,3],"5":[1,2]},"_coverageSchema":"1a1c01bbd47fc00a2c39e90264f33305004495a9","hash":"307123a6073c267aacbb66bd8fade755798020f3"}
}
