TN:
SF:testcase.js
FN:1,classifyStudent
FN:12,getTicketPrice
FN:22,sayHello
FN:35,getTaxiCount
FN:43,getMaxDigit
FN:56,isSymmetricNumber
FN:66,removeVowel
FN:73,(anonymous_7)
FNF:8
FNH:8
FNDA:6,classifyStudent
FNDA:11,getTicketPrice
FNDA:7,sayHello
FNDA:7,getTaxiCount
FNDA:4,getMaxDigit
FNDA:10,isSymmetricNumber
FNDA:4,removeVowel
FNDA:15,(anonymous_7)
DA:2,6
DA:4,4
DA:5,3
DA:6,2
DA:8,1
DA:14,11
DA:17,9
DA:18,6
DA:19,2
DA:23,7
DA:31,7
DA:32,7
DA:36,7
DA:38,4
DA:39,4
DA:44,4
DA:46,2
DA:47,2
DA:49,2
DA:50,8
DA:53,2
DA:57,10
DA:59,8
DA:60,8
DA:61,8
DA:63,8
DA:67,4
DA:69,3
DA:71,3
DA:73,15
LF:30
LH:30
BRDA:2,0,0,2
BRDA:2,0,1,4
BRDA:2,1,0,6
BRDA:2,1,1,5
BRDA:4,2,0,1
BRDA:4,2,1,3
BRDA:5,3,0,1
BRDA:5,3,1,2
BRDA:6,4,0,1
BRDA:6,4,1,1
BRDA:14,5,0,2
BRDA:14,5,1,9
BRDA:14,6,0,11
BRDA:14,6,1,9
BRDA:17,7,0,3
BRDA:17,7,1,6
BRDA:17,8,0,9
BRDA:17,8,1,8
BRDA:18,9,0,4
BRDA:18,9,1,2
BRDA:18,10,0,6
BRDA:18,10,1,6
BRDA:31,11,0,7
BRDA:31,11,1,1
BRDA:36,12,0,3
BRDA:36,12,1,4
BRDA:36,13,0,7
BRDA:36,13,1,5
BRDA:44,14,0,2
BRDA:44,14,1,2
BRDA:44,15,0,4
BRDA:44,15,1,3
BRDA:50,16,0,4
BRDA:50,16,1,4
BRDA:57,17,0,2
BRDA:57,17,1,8
BRDA:57,18,0,10
BRDA:57,18,1,9
BRDA:63,19,0,8
BRDA:63,19,1,3
BRDA:63,19,2,7
BRDA:63,19,3,2
BRDA:63,19,4,6
BRDA:63,19,5,5
BRDA:67,20,0,1
BRDA:67,20,1,3
BRF:46
BRH:46
end_of_record
TN:
SF:practice\01-01-calcSn.js
FN:2,calcSnV1
FN:16,calcSnV2
FN:22,(anonymous_2)
FN:23,(anonymous_3)
FN:30,calcSnV3
FN:36,(anonymous_5)
FN:38,(anonymous_6)
FNF:7
FNH:7
FNDA:6,calcSnV1
FNDA:6,calcSnV2
FNDA:9,(anonymous_2)
FNDA:9,(anonymous_3)
FNDA:6,calcSnV3
FNDA:9,(anonymous_5)
FNDA:7,(anonymous_6)
DA:3,6
DA:4,3
DA:6,2
DA:8,2
DA:9,7
DA:12,2
DA:17,6
DA:18,3
DA:20,2
DA:22,9
DA:23,2
DA:24,9
DA:27,2
DA:31,6
DA:32,3
DA:34,2
DA:36,9
DA:38,7
LF:18
LH:18
BRDA:3,0,0,3
BRDA:3,0,1,3
BRDA:4,1,0,1
BRDA:4,1,1,2
BRDA:17,2,0,3
BRDA:17,2,1,3
BRDA:18,3,0,1
BRDA:18,3,1,2
BRDA:31,4,0,3
BRDA:31,4,1,3
BRDA:32,5,0,1
BRDA:32,5,1,2
BRF:12
BRH:12
end_of_record
