TN:
SF:testcase.js
FN:1,classifyStudent
FN:12,getTicketPrice
FN:22,sayHello
FN:35,getTaxiCount
FN:58,getMaxDigit
FNF:5
FNH:5
FNDA:6,classifyStudent
FNDA:11,getTicketPrice
FNDA:7,sayHello
FNDA:7,getTaxiCount
FNDA:3,getMaxDigit
DA:2,6
DA:4,4
DA:5,3
DA:6,2
DA:8,1
DA:14,11
DA:17,9
DA:18,6
DA:19,2
DA:23,7
DA:31,7
DA:32,7
DA:36,7
DA:38,4
DA:39,4
DA:59,3
DA:61,1
DA:63,1
DA:64,2
DA:67,1
LF:20
LH:20
BRDA:2,0,0,2
BRDA:2,0,1,4
BRDA:2,1,0,6
BRDA:2,1,1,5
BRDA:4,2,0,1
BRDA:4,2,1,3
BRDA:5,3,0,1
BRDA:5,3,1,2
BRDA:6,4,0,1
BRDA:6,4,1,1
BRDA:14,5,0,2
BRDA:14,5,1,9
BRDA:14,6,0,11
BRDA:14,6,1,9
BRDA:17,7,0,3
BRDA:17,7,1,6
BRDA:17,8,0,9
BRDA:17,8,1,8
BRDA:18,9,0,4
BRDA:18,9,1,2
BRDA:18,10,0,6
BRDA:18,10,1,6
BRDA:31,11,0,7
BRDA:31,11,1,1
BRDA:36,12,0,3
BRDA:36,12,1,4
BRDA:36,13,0,7
BRDA:36,13,1,5
BRDA:59,14,0,2
BRDA:59,14,1,1
BRDA:59,15,0,3
BRDA:59,15,1,2
BRDA:64,16,0,1
BRDA:64,16,1,1
BRF:34
BRH:34
end_of_record
